<?xml version="1.0" encoding="UTF-8"?>
<!-- Generated by org.testng.reporters.JUnitReportReporter -->
<testsuite skipped="0" hostname="DESKTOP-08J39R4" name="selenium.wait.ExplicitWaitTest" tests="1" failures="0" timestamp="14 Jul 2018 18:15:51 GMT" time="12.042" errors="0">
  <testcase name="waitForDissappear" time="12.042" classname="selenium.wait.ExplicitWaitTest"/>
</testsuite> <!-- selenium.wait.ExplicitWaitTest -->
