<?xml version="1.0" encoding="UTF-8"?>
<!-- Generated by org.testng.reporters.JUnitReportReporter -->
<testsuite skipped="0" hostname="DESKTOP-08J39R4" name="seleniumwaits.ExplicitWaitTests" tests="1" failures="0" timestamp="18 Jul 2018 16:24:34 GMT" time="11.045" errors="0">
  <testcase name="test2" time="11.045" classname="seleniumwaits.ExplicitWaitTests"/>
</testsuite> <!-- seleniumwaits.ExplicitWaitTests -->
