<?xml version="1.0" encoding="UTF-8"?>
<!-- Generated by org.testng.reporters.JUnitReportReporter -->
<testsuite skipped="0" hostname="DESKTOP-08J39R4" name="com.cybertek.TabWindowExample" tests="1" failures="0" timestamp="07 Jul 2018 19:57:37 GMT" time="7.960" errors="0">
  <testcase name="switchByTitleTest" time="7.960" classname="com.cybertek.TabWindowExample"/>
</testsuite> <!-- com.cybertek.TabWindowExample -->
