<?xml version="1.0" encoding="UTF-8"?>
<!-- Generated by org.testng.reporters.JUnitReportReporter -->
<testsuite skipped="0" hostname="DESKTOP-08J39R4" name="com.cybertek.UnitTest" tests="1" failures="0" timestamp="20 Jun 2018 00:17:06 GMT" time="0.020" errors="0">
  <testcase name="addTest" time="0.020" classname="com.cybertek.UnitTest"/>
</testsuite> <!-- com.cybertek.UnitTest -->
