<?xml version="1.0" encoding="UTF-8"?>
<!-- Generated by org.testng.reporters.JUnitReportReporter -->
<testsuite skipped="0" hostname="DESKTOP-08J39R4" name="com.cybertek.FileUploadExamples" tests="1" failures="0" timestamp="03 Jul 2018 23:46:23 GMT" time="6.258" errors="0">
  <testcase name="testFileUpload" time="6.258" classname="com.cybertek.FileUploadExamples"/>
</testsuite> <!-- com.cybertek.FileUploadExamples -->
