<?xml version="1.0" encoding="UTF-8"?>
<!-- Generated by org.testng.reporters.JUnitReportReporter -->
<testsuite skipped="0" hostname="DESKTOP-08J39R4" name="com.cybertek.ActionsExamples" tests="1" failures="0" timestamp="04 Jul 2018 01:38:55 GMT" time="3.941" errors="0">
  <testcase name="dragDropTest2" time="3.941" classname="com.cybertek.ActionsExamples"/>
</testsuite> <!-- com.cybertek.ActionsExamples -->
