<?xml version="1.0" encoding="UTF-8"?>
<!-- Generated by org.testng.reporters.JUnitReportReporter -->
<testsuite skipped="0" hostname="DESKTOP-08J39R4" name="com.cybertek.PopupExamples" tests="1" failures="0" timestamp="07 Jul 2018 16:26:47 GMT" time="7.872" errors="0">
  <testcase name="htmlPopup" time="7.872" classname="com.cybertek.PopupExamples"/>
</testsuite> <!-- com.cybertek.PopupExamples -->
