<?xml version="1.0" encoding="UTF-8"?>
<!-- Generated by org.testng.reporters.JUnitReportReporter -->
<testsuite skipped="0" hostname="DESKTOP-08J39R4" name="seleniumwaits.SleepTest" tests="1" failures="0" timestamp="18 Jul 2018 16:20:51 GMT" time="12.675" errors="0">
  <testcase name="test2" time="12.675" classname="seleniumwaits.SleepTest"/>
</testsuite> <!-- seleniumwaits.SleepTest -->
