<?xml version="1.0" encoding="UTF-8"?>
<!-- Generated by org.testng.reporters.JUnitReportReporter -->
<testsuite skipped="0" hostname="DESKTOP-08J39R4" name="com.cybertek.IFramesTest" tests="1" failures="0" timestamp="07 Jul 2018 18:31:33 GMT" time="6.899" errors="0">
  <testcase name="IFrameTest" time="6.899" classname="com.cybertek.IFramesTest"/>
</testsuite> <!-- com.cybertek.IFramesTest -->
