<?xml version="1.0" encoding="UTF-8"?>
<!-- Generated by org.testng.reporters.JUnitReportReporter -->
<testsuite skipped="0" hostname="DESKTOP-08J39R4" name="com.cybertek.SearchTests" tests="1" failures="0" timestamp="21 Jun 2018 01:36:24 GMT" time="15.059" errors="0">
  <testcase name="amazonSearchOne" time="15.059" classname="com.cybertek.SearchTests"/>
</testsuite> <!-- com.cybertek.SearchTests -->
