<?xml version="1.0" encoding="UTF-8"?>
<!-- Generated by org.testng.reporters.JUnitReportReporter -->
<testsuite skipped="0" hostname="DESKTOP-08J39R4" name="com.cybertek.TestNGDemo" tests="2" failures="0" timestamp="20 Jun 2018 00:42:02 GMT" time="0.010" errors="0">
  <testcase name="testTwo" time="0.004" classname="com.cybertek.TestNGDemo"/>
  <testcase name="testOne" time="0.006" classname="com.cybertek.TestNGDemo"/>
</testsuite> <!-- com.cybertek.TestNGDemo -->
